<?xml version="1.0" encoding="UTF-8"?>
<testsuite xmlns:xsi="http://www.w3.org/2001/XMLSchema-instance" xsi:noNamespaceSchemaLocation="https://maven.apache.org/surefire/maven-surefire-plugin/xsd/surefire-test-report-3.0.xsd" version="3.0" name="com.example.demo.ApiLogInApplicationTests" time="2.888" tests="1" errors="0" skipped="0" failures="0">
  <properties>
[...]
</properties>
  <testcase name="contextLoads" classname="com.example.demo.ApiLogInApplicationTests" time="0.933">
    <system-out><![CDATA[02:50:45.351 [main] INFO org.springframework.test.context.support.AnnotationConfigContextLoaderUtils -- Could not detect default configuration classes for test class [com.example.demo.ApiLogInApplicationTests]: ApiLogInApplicationTests does not declare any static, non-private, non-final, nested classes annotated with @Configuration.
02:50:45.516 [main] INFO org.springframework.boot.test.context.SpringBootTestContextBootstrapper -- Found @SpringBootConfiguration com.example.demo.ApiLogInApplication for test class com.example.demo.ApiLogInApplicationTests

  .   ____          _            __ _ _
 /\\ / ___'_ __ _ _(_)_ __  __ _ \ \ \ \
( ( )\___ | '_ | '_| | '_ \/ _` | \ \ \ \
 \\/  ___)| |_)| | | | | || (_| |  ) ) ) )
  '  |____| .__|_| |_|_| |_\__, | / / / /
 =========|_|==============|___/=/_/_/_/
 :: Spring Boot ::                (v3.2.0)

2023-12-16T02:50:45.912+01:00  INFO 9876 --- [           main] c.example.demo.ApiLogInApplicationTests  : Starting ApiLogInApplicationTests using Java 17.0.9 with PID 9876 (started by lotud in D:\Carlos\Universidad\Curso_3\Juegos en Red\Práctica\chat\API NUEVA_2.0\API NUEVA\ApiLogIn)
2023-12-16T02:50:45.914+01:00  INFO 9876 --- [           main] c.example.demo.ApiLogInApplicationTests  : No active profile set, falling back to 1 default profile: "default"
2023-12-16T02:50:46.818+01:00  INFO 9876 --- [           main] o.s.b.a.w.s.WelcomePageHandlerMapping    : Adding welcome page: class path resource [static/index.html]
2023-12-16T02:50:47.126+01:00  INFO 9876 --- [           main] c.example.demo.ApiLogInApplicationTests  : Started ApiLogInApplicationTests in 1.455 seconds (process running for 2.644)
]]></system-out>
  </testcase>
</testsuite>